2025-07-12 17:41:40,929 - INFO - Model Training initialized...
2025-07-12 17:41:41,019 - INFO - Data loaded successfully for Model Training
2025-07-12 17:41:41,061 - INFO - Successfully read the YAML File
2025-07-12 17:41:41,061 - INFO - Loaded configuration from config.yaml
2025-07-12 17:41:41,304 - INFO - Model created sucesfully....
2025-07-12 17:42:06,427 - INFO - Model training Completed.....
2025-07-12 17:42:06,427 - WARNING - You are saving your model as an HDF5 file via `model.save()` or `keras.saving.save_model(model)`. This file format is considered legacy. We recommend using instead the native Keras format, e.g. `model.save('my_model.keras')` or `keras.saving.save_model(model, 'my_model.keras')`. 
2025-07-12 17:42:06,469 - INFO - Model saved to artifacts/model\model.h5
2025-07-12 17:42:06,469 - INFO - Extracting weights for user_embedding
2025-07-12 17:42:06,479 - INFO - Extracting weights for anime_embedding
2025-07-12 17:42:06,486 - INFO - User and Anime weights saved successfully....
2025-07-12 18:14:09,359 - INFO - Model Training & Comet ML initialized...
2025-07-12 18:14:09,469 - INFO - Data loaded successfully for Model Training
2025-07-12 18:14:09,537 - INFO - Successfully read the YAML File
2025-07-12 18:14:09,537 - INFO - Loaded configuration from config.yaml
2025-07-12 18:14:09,664 - INFO - Model created sucesfully....
2025-07-12 18:14:36,798 - INFO - Model training Completed.....
2025-07-12 18:14:36,800 - WARNING - You are saving your model as an HDF5 file via `model.save()` or `keras.saving.save_model(model)`. This file format is considered legacy. We recommend using instead the native Keras format, e.g. `model.save('my_model.keras')` or `keras.saving.save_model(model, 'my_model.keras')`. 
2025-07-12 18:14:36,866 - INFO - Model saved to artifacts/model\model.h5
2025-07-12 18:14:36,869 - INFO - Extracting weights for user_embedding
2025-07-12 18:14:36,875 - INFO - Extracting weights for anime_embedding
2025-07-12 18:14:36,949 - INFO - User and Anime weights saved successfully....
2025-07-12 19:39:39,138 - INFO - Data Processing Initialized
2025-07-12 19:39:40,083 - INFO - Data Loaded succesfully for Data Processing
2025-07-12 19:39:40,282 - INFO - Filtered users successfully
2025-07-12 19:39:41,228 - INFO - Scaling done for Processing 
2025-07-12 19:39:41,357 - INFO - Encoding done for Users and Anime
2025-07-12 19:39:41,920 - INFO - Data splitted successfully
2025-07-12 19:39:41,927 - INFO - user2user_encoded saved successfully in processed directory
2025-07-12 19:39:41,937 - INFO - user2user_decoded saved successfully in processed directory
2025-07-12 19:39:41,971 - INFO - anime2anime_encoded saved successfully in processed directory
2025-07-12 19:39:42,006 - INFO - anime2anime_decoded saved successfully in processed directory
2025-07-12 19:39:46,185 - INFO - All the training testing data as well as rating_df is saved now...
2025-07-12 19:39:51,093 - INFO - DF and SYNOPSIS DF saved successfully
2025-07-12 19:39:51,093 - INFO - Data Processing Pipeline run successfully....
2025-07-12 19:40:00,970 - INFO - Model Training & Comet ML initialized...
2025-07-12 19:40:01,131 - INFO - Data loaded successfully for Model Training
2025-07-12 19:40:01,200 - INFO - Successfully read the YAML File
2025-07-12 19:40:01,200 - INFO - Loaded configuration from config.yaml
2025-07-12 19:40:01,344 - INFO - Model created sucesfully....
2025-07-12 19:40:28,691 - INFO - Model training Completed.....
2025-07-12 19:40:28,691 - WARNING - You are saving your model as an HDF5 file via `model.save()` or `keras.saving.save_model(model)`. This file format is considered legacy. We recommend using instead the native Keras format, e.g. `model.save('my_model.keras')` or `keras.saving.save_model(model, 'my_model.keras')`. 
2025-07-12 19:40:28,752 - INFO - Model saved to artifacts/model\model.h5
2025-07-12 19:40:28,754 - INFO - Extracting weights for user_embedding
2025-07-12 19:40:28,758 - INFO - Extracting weights for anime_embedding
2025-07-12 19:40:28,818 - INFO - User and Anime weights saved successfully....
